Using pre-set license
Built from '2020.3/staging' branch; Version is '2020.3.38f1 (8f5fde82e2dc) revision 9396190'; Using compiler version '192528614'; Build Type 'Release'
OS: 'Windows 11  (10.0.22000) 64bit Core' Language: 'en' Physical Memory: 16086 MB
BatchMode: 1, IsHumanControllingUs: 0, StartBugReporterOnCrash: 0, Is64bit: 1, IsPro: 0

COMMAND LINE ARGUMENTS:
C:\Program Files\Unity\Hub\Editor\2020.3.38f1\Editor\Unity.exe
-adb2
-batchMode
-noUpm
-name
AssetImportWorker0
-projectPath
C:/Users/porky/OneDrive/Documents/GitHub/RR/Roto_Rescue
-logFile
Logs/AssetImportWorker0.log
-srvPort
<<<<<<< HEAD
63215
Successfully changed project path to: C:/Users/porky/OneDrive/Documents/GitHub/RR/Roto_Rescue
C:/Users/porky/OneDrive/Documents/GitHub/RR/Roto_Rescue
Using Asset Import Pipeline V2.
Refreshing native plugins compatible for Editor in 47.71 ms, found 2 plugins.
=======
54375
Successfully changed project path to: C:/Users/porky/OneDrive/Documents/GitHub/RR/Roto_Rescue
C:/Users/porky/OneDrive/Documents/GitHub/RR/Roto_Rescue
Using Asset Import Pipeline V2.
Refreshing native plugins compatible for Editor in 48.31 ms, found 2 plugins.
>>>>>>> Pablo_branch
Preloading 0 native plugins for Editor in 0.00 ms.
Initialize engine version: 2020.3.38f1 (8f5fde82e2dc)
[Subsystems] Discovering subsystems at path C:/Program Files/Unity/Hub/Editor/2020.3.38f1/Editor/Data/Resources/UnitySubsystems
[Subsystems] Discovering subsystems at path C:/Users/porky/OneDrive/Documents/GitHub/RR/Roto_Rescue/Assets
GfxDevice: creating device client; threaded=0
Direct3D:
    Version:  Direct3D 11.0 [level 11.1]
    Renderer: NVIDIA GeForce RTX 3050 Laptop GPU (ID=0x25a2)
    Vendor:   
    VRAM:     3993 MB
    Driver:   31.0.15.2225
Initialize mono
Mono path[0] = 'C:/Program Files/Unity/Hub/Editor/2020.3.38f1/Editor/Data/Managed'
Mono path[1] = 'C:/Program Files/Unity/Hub/Editor/2020.3.38f1/Editor/Data/MonoBleedingEdge/lib/mono/unityjit'
Mono config path = 'C:/Program Files/Unity/Hub/Editor/2020.3.38f1/Editor/Data/MonoBleedingEdge/etc'
<<<<<<< HEAD
Using monoOptions --debugger-agent=transport=dt_socket,embedding=1,server=y,suspend=n,address=127.0.0.1:56968
Begin MonoManager ReloadAssembly
Registering precompiled unity dll's ...
Register platform support module: C:/Program Files/Unity/Hub/Editor/2020.3.38f1/Editor/Data/PlaybackEngines/WindowsStandaloneSupport/UnityEditor.WindowsStandalone.Extensions.dll
Registered in 0.000889 seconds.
Native extension for WindowsStandalone target not found
Refreshing native plugins compatible for Editor in 40.42 ms, found 2 plugins.
Preloading 0 native plugins for Editor in 0.00 ms.
Mono: successfully reloaded assembly
- Completed reload, in  0.430 seconds
Domain Reload Profiling:
	ReloadAssembly (430ms)
		BeginReloadAssembly (47ms)
=======
Using monoOptions --debugger-agent=transport=dt_socket,embedding=1,server=y,suspend=n,address=127.0.0.1:56264
Begin MonoManager ReloadAssembly
Registering precompiled unity dll's ...
Register platform support module: C:/Program Files/Unity/Hub/Editor/2020.3.38f1/Editor/Data/PlaybackEngines/WindowsStandaloneSupport/UnityEditor.WindowsStandalone.Extensions.dll
Registered in 0.000928 seconds.
Native extension for WindowsStandalone target not found
Refreshing native plugins compatible for Editor in 52.41 ms, found 2 plugins.
Preloading 0 native plugins for Editor in 0.00 ms.
Mono: successfully reloaded assembly
- Completed reload, in  0.507 seconds
Domain Reload Profiling:
	ReloadAssembly (507ms)
		BeginReloadAssembly (51ms)
>>>>>>> Pablo_branch
			ExecutionOrderSort (0ms)
			DisableScriptedObjects (0ms)
			BackupInstance (0ms)
			ReleaseScriptingObjects (0ms)
			CreateAndSetChildDomain (1ms)
<<<<<<< HEAD
		EndReloadAssembly (330ms)
			LoadAssemblies (46ms)
			RebuildTransferFunctionScriptingTraits (0ms)
			SetupTypeCache (110ms)
			ReleaseScriptCaches (0ms)
			RebuildScriptCaches (19ms)
			SetupLoadedEditorAssemblies (129ms)
=======
		EndReloadAssembly (396ms)
			LoadAssemblies (50ms)
			RebuildTransferFunctionScriptingTraits (0ms)
			SetupTypeCache (130ms)
			ReleaseScriptCaches (0ms)
			RebuildScriptCaches (28ms)
			SetupLoadedEditorAssemblies (156ms)
>>>>>>> Pablo_branch
				LogAssemblyErrors (0ms)
				InitializePlatformSupportModulesInManaged (4ms)
				SetLoadedEditorAssemblies (0ms)
<<<<<<< HEAD
				RefreshPlugins (40ms)
				BeforeProcessingInitializeOnLoad (12ms)
				ProcessInitializeOnLoadAttributes (54ms)
				ProcessInitializeOnLoadMethodAttributes (20ms)
=======
				RefreshPlugins (52ms)
				BeforeProcessingInitializeOnLoad (14ms)
				ProcessInitializeOnLoadAttributes (62ms)
				ProcessInitializeOnLoadMethodAttributes (23ms)
>>>>>>> Pablo_branch
				AfterProcessingInitializeOnLoad (0ms)
				EditorAssembliesLoaded (0ms)
			ExecutionOrderSort2 (0ms)
			AwakeInstancesAfterBackupRestoration (0ms)
Platform modules already initialized, skipping
Registering precompiled user dll's ...
<<<<<<< HEAD
Registered in 0.001741 seconds.
Begin MonoManager ReloadAssembly
Symbol file data-000002742203CEA0 doesn't match image C:\Users\porky\OneDrive\Documents\GitHub\RR\Roto_Rescue\Library\ScriptAssemblies\Unity.VSCode.Editor.dll
Symbol file LoadedFromMemory is not a mono symbol file
Symbol file data-00000275FE3459E0 doesn't match image C:\Users\porky\OneDrive\Documents\GitHub\RR\Roto_Rescue\Library\ScriptAssemblies\Unity.RenderPipelines.Universal.Shaders.dll
Symbol file LoadedFromMemory is not a mono symbol file
Symbol file data-0000027422FF7450 doesn't match image C:\Users\porky\OneDrive\Documents\GitHub\RR\Roto_Rescue\Library\ScriptAssemblies\Unity.RenderPipelines.Universal.Runtime.dll
Symbol file LoadedFromMemory is not a mono symbol file
Symbol file data-0000027422FF7450 doesn't match image C:\Users\porky\OneDrive\Documents\GitHub\RR\Roto_Rescue\Library\ScriptAssemblies\Unity.TextMeshPro.Editor.dll
Symbol file LoadedFromMemory is not a mono symbol file
Symbol file data-000002742312B9B0 doesn't match image C:\Users\porky\OneDrive\Documents\GitHub\RR\Roto_Rescue\Library\ScriptAssemblies\Unity.VisualStudio.Editor.dll
Symbol file LoadedFromMemory is not a mono symbol file
Symbol file data-0000027422DEC220 doesn't match image C:\Users\porky\OneDrive\Documents\GitHub\RR\Roto_Rescue\Library\ScriptAssemblies\UnityEngine.TestRunner.dll
Symbol file LoadedFromMemory is not a mono symbol file
Symbol file data-000002742300CA60 doesn't match image C:\Users\porky\OneDrive\Documents\GitHub\RR\Roto_Rescue\Library\ScriptAssemblies\Unity.Timeline.dll
Symbol file LoadedFromMemory is not a mono symbol file
Symbol file data-000002742324E020 doesn't match image C:\Users\porky\OneDrive\Documents\GitHub\RR\Roto_Rescue\Library\ScriptAssemblies\Unity.TextMeshPro.dll
Symbol file LoadedFromMemory is not a mono symbol file
Symbol file data-000002742327D830 doesn't match image C:\Users\porky\OneDrive\Documents\GitHub\RR\Roto_Rescue\Library\ScriptAssemblies\UnityEditor.TestRunner.dll
Symbol file LoadedFromMemory is not a mono symbol file
Symbol file data-00000275FE266C20 doesn't match image C:\Users\porky\OneDrive\Documents\GitHub\RR\Roto_Rescue\Library\ScriptAssemblies\Unity.Searcher.Editor.dll
Symbol file LoadedFromMemory is not a mono symbol file
Symbol file data-0000027422ABE010 doesn't match image C:\Users\porky\OneDrive\Documents\GitHub\RR\Roto_Rescue\Library\ScriptAssemblies\Unity.RenderPipelines.Core.Runtime.dll
Symbol file LoadedFromMemory is not a mono symbol file
Symbol file data-00000274221DBD30 doesn't match image C:\Users\porky\OneDrive\Documents\GitHub\RR\Roto_Rescue\Library\ScriptAssemblies\Unity.ShaderGraph.Utilities.dll
Symbol file LoadedFromMemory is not a mono symbol file
Symbol file data-000002742312B9B0 doesn't match image C:\Users\porky\OneDrive\Documents\GitHub\RR\Roto_Rescue\Library\ScriptAssemblies\UnityEditor.UI.dll
Symbol file LoadedFromMemory is not a mono symbol file
Symbol file data-000002742272C010 doesn't match image C:\Users\porky\OneDrive\Documents\GitHub\RR\Roto_Rescue\Library\ScriptAssemblies\Unity.InputSystem.dll
Symbol file LoadedFromMemory is not a mono symbol file
Symbol file data-0000027422FAEA30 doesn't match image C:\Users\porky\OneDrive\Documents\GitHub\RR\Roto_Rescue\Library\ScriptAssemblies\Unity.Rider.Editor.dll
Symbol file LoadedFromMemory is not a mono symbol file
Symbol file data-00000275FE345DC0 doesn't match image C:\Users\porky\OneDrive\Documents\GitHub\RR\Roto_Rescue\Library\ScriptAssemblies\Unity.RenderPipelines.Core.ShaderLibrary.dll
Symbol file LoadedFromMemory is not a mono symbol file
Symbol file data-00000275FE0856E0 doesn't match image C:\Users\porky\OneDrive\Documents\GitHub\RR\Roto_Rescue\Library\ScriptAssemblies\UnityEngine.UI.dll
Symbol file LoadedFromMemory is not a mono symbol file
Symbol file data-00000275FE0856E0 doesn't match image C:\Users\porky\OneDrive\Documents\GitHub\RR\Roto_Rescue\Library\ScriptAssemblies\Unity.PlasticSCM.Editor.dll
Symbol file LoadedFromMemory is not a mono symbol file
Symbol file data-00000275FDED22C0 doesn't match image C:\Users\porky\OneDrive\Documents\GitHub\RR\Roto_Rescue\Library\ScriptAssemblies\Unity.Mathematics.dll
Symbol file LoadedFromMemory is not a mono symbol file
Symbol file data-00000274232A3020 doesn't match image C:\Users\porky\OneDrive\Documents\GitHub\RR\Roto_Rescue\Library\ScriptAssemblies\Unity.ShaderGraph.Editor.dll
Symbol file LoadedFromMemory is not a mono symbol file
Symbol file data-0000027422FAEA30 doesn't match image C:\Users\porky\OneDrive\Documents\GitHub\RR\Roto_Rescue\Library\ScriptAssemblies\Unity.Services.Core.Editor.dll
Symbol file LoadedFromMemory is not a mono symbol file
Symbol file data-00000275FE0856E0 doesn't match image C:\Users\porky\OneDrive\Documents\GitHub\RR\Roto_Rescue\Library\ScriptAssemblies\Unity.RenderPipelines.Universal.Editor.dll
Symbol file LoadedFromMemory is not a mono symbol file
Symbol file data-00000275FE345DC0 doesn't match image C:\Users\porky\OneDrive\Documents\GitHub\RR\Roto_Rescue\Library\ScriptAssemblies\Unity.RenderPipeline.Universal.ShaderLibrary.dll
Symbol file LoadedFromMemory is not a mono symbol file
Symbol file data-00000275FE345410 doesn't match image C:\Users\porky\OneDrive\Documents\GitHub\RR\Roto_Rescue\Library\ScriptAssemblies\Unity.RenderPipelines.ShaderGraph.ShaderGraphLibrary.dll
Symbol file LoadedFromMemory is not a mono symbol file
Symbol file data-00000275FE0856E0 doesn't match image C:\Users\porky\OneDrive\Documents\GitHub\RR\Roto_Rescue\Library\ScriptAssemblies\Unity.Timeline.Editor.dll
Symbol file LoadedFromMemory is not a mono symbol file
Symbol file data-0000027422AF7420 doesn't match image C:\Users\porky\OneDrive\Documents\GitHub\RR\Roto_Rescue\Library\ScriptAssemblies\Unity.CollabProxy.Editor.dll
Symbol file LoadedFromMemory is not a mono symbol file
Symbol file data-0000027422DA21D0 doesn't match image C:\Users\porky\OneDrive\Documents\GitHub\RR\Roto_Rescue\Library\ScriptAssemblies\Unity.Mathematics.Editor.dll
Symbol file LoadedFromMemory is not a mono symbol file
Symbol file data-00000274227B8010 doesn't match image C:\Users\porky\OneDrive\Documents\GitHub\RR\Roto_Rescue\Library\ScriptAssemblies\Unity.RenderPipelines.Core.Editor.dll
Symbol file LoadedFromMemory is not a mono symbol file
Native extension for WindowsStandalone target not found
Refreshing native plugins compatible for Editor in 42.16 ms, found 2 plugins.
Preloading 0 native plugins for Editor in 0.00 ms.
Mono: successfully reloaded assembly
- Completed reload, in  0.807 seconds
Domain Reload Profiling:
	ReloadAssembly (808ms)
		BeginReloadAssembly (94ms)
=======
Registered in 0.002132 seconds.
Begin MonoManager ReloadAssembly
Symbol file data-000001ABE45527A0 doesn't match image C:\Users\porky\OneDrive\Documents\GitHub\RR\Roto_Rescue\Library\ScriptAssemblies\Unity.VSCode.Editor.dll
Symbol file LoadedFromMemory is not a mono symbol file
Symbol file data-000001ABE37E0110 doesn't match image C:\Users\porky\OneDrive\Documents\GitHub\RR\Roto_Rescue\Library\ScriptAssemblies\Unity.RenderPipelines.Universal.Shaders.dll
Symbol file LoadedFromMemory is not a mono symbol file
Symbol file data-000001ABE4A92010 doesn't match image C:\Users\porky\OneDrive\Documents\GitHub\RR\Roto_Rescue\Library\ScriptAssemblies\Unity.RenderPipelines.Universal.Runtime.dll
Symbol file LoadedFromMemory is not a mono symbol file
Symbol file data-000001ABE37BBE70 doesn't match image C:\Users\porky\OneDrive\Documents\GitHub\RR\Roto_Rescue\Library\ScriptAssemblies\Unity.TextMeshPro.Editor.dll
Symbol file LoadedFromMemory is not a mono symbol file
Symbol file data-000001ABE4AC9220 doesn't match image C:\Users\porky\OneDrive\Documents\GitHub\RR\Roto_Rescue\Library\ScriptAssemblies\Unity.VisualStudio.Editor.dll
Symbol file LoadedFromMemory is not a mono symbol file
Symbol file data-000001ABE4AC9220 doesn't match image C:\Users\porky\OneDrive\Documents\GitHub\RR\Roto_Rescue\Library\ScriptAssemblies\UnityEngine.TestRunner.dll
Symbol file LoadedFromMemory is not a mono symbol file
Symbol file data-000001ABE4E9C010 doesn't match image C:\Users\porky\OneDrive\Documents\GitHub\RR\Roto_Rescue\Library\ScriptAssemblies\Unity.Timeline.dll
Symbol file LoadedFromMemory is not a mono symbol file
Symbol file data-000001ABE4E9C010 doesn't match image C:\Users\porky\OneDrive\Documents\GitHub\RR\Roto_Rescue\Library\ScriptAssemblies\Unity.TextMeshPro.dll
Symbol file LoadedFromMemory is not a mono symbol file
Symbol file data-000001ABE3A39C30 doesn't match image C:\Users\porky\OneDrive\Documents\GitHub\RR\Roto_Rescue\Library\ScriptAssemblies\UnityEditor.TestRunner.dll
Symbol file LoadedFromMemory is not a mono symbol file
Symbol file data-000001ABE37D1480 doesn't match image C:\Users\porky\OneDrive\Documents\GitHub\RR\Roto_Rescue\Library\ScriptAssemblies\Unity.Searcher.Editor.dll
Symbol file LoadedFromMemory is not a mono symbol file
Symbol file data-000001ABE37E2080 doesn't match image C:\Users\porky\OneDrive\Documents\GitHub\RR\Roto_Rescue\Library\ScriptAssemblies\Unity.RenderPipelines.Core.Runtime.dll
Symbol file LoadedFromMemory is not a mono symbol file
Symbol file data-000001ABE074BB00 doesn't match image C:\Users\porky\OneDrive\Documents\GitHub\RR\Roto_Rescue\Library\ScriptAssemblies\Unity.ShaderGraph.Utilities.dll
Symbol file LoadedFromMemory is not a mono symbol file
Symbol file data-000001ABE4B1FE30 doesn't match image C:\Users\porky\OneDrive\Documents\GitHub\RR\Roto_Rescue\Library\ScriptAssemblies\UnityEditor.UI.dll
Symbol file LoadedFromMemory is not a mono symbol file
Symbol file data-000001ABE4D17010 doesn't match image C:\Users\porky\OneDrive\Documents\GitHub\RR\Roto_Rescue\Library\ScriptAssemblies\Unity.InputSystem.dll
Symbol file LoadedFromMemory is not a mono symbol file
Symbol file data-000001ABE4B1FE30 doesn't match image C:\Users\porky\OneDrive\Documents\GitHub\RR\Roto_Rescue\Library\ScriptAssemblies\Unity.Rider.Editor.dll
Symbol file LoadedFromMemory is not a mono symbol file
Symbol file data-000001ABE37E0300 doesn't match image C:\Users\porky\OneDrive\Documents\GitHub\RR\Roto_Rescue\Library\ScriptAssemblies\Unity.RenderPipelines.Core.ShaderLibrary.dll
Symbol file LoadedFromMemory is not a mono symbol file
Symbol file data-000001ABE37F6A90 doesn't match image C:\Users\porky\OneDrive\Documents\GitHub\RR\Roto_Rescue\Library\ScriptAssemblies\UnityEngine.UI.dll
Symbol file LoadedFromMemory is not a mono symbol file
Symbol file data-000001ABE0F5E010 doesn't match image C:\Users\porky\OneDrive\Documents\GitHub\RR\Roto_Rescue\Library\ScriptAssemblies\Unity.PlasticSCM.Editor.dll
Symbol file LoadedFromMemory is not a mono symbol file
Symbol file data-000001ABE46D0020 doesn't match image C:\Users\porky\OneDrive\Documents\GitHub\RR\Roto_Rescue\Library\ScriptAssemblies\Unity.Mathematics.dll
Symbol file LoadedFromMemory is not a mono symbol file
Symbol file data-000001ABE3ED3010 doesn't match image C:\Users\porky\OneDrive\Documents\GitHub\RR\Roto_Rescue\Library\ScriptAssemblies\Unity.ShaderGraph.Editor.dll
Symbol file LoadedFromMemory is not a mono symbol file
Symbol file data-000001ABE40CA430 doesn't match image C:\Users\porky\OneDrive\Documents\GitHub\RR\Roto_Rescue\Library\ScriptAssemblies\Unity.Services.Core.Editor.dll
Symbol file LoadedFromMemory is not a mono symbol file
Symbol file data-000001ABE37F6A90 doesn't match image C:\Users\porky\OneDrive\Documents\GitHub\RR\Roto_Rescue\Library\ScriptAssemblies\Unity.RenderPipelines.Universal.Editor.dll
Symbol file LoadedFromMemory is not a mono symbol file
Symbol file data-000001ABE37E0AC0 doesn't match image C:\Users\porky\OneDrive\Documents\GitHub\RR\Roto_Rescue\Library\ScriptAssemblies\Unity.RenderPipeline.Universal.ShaderLibrary.dll
Symbol file LoadedFromMemory is not a mono symbol file
Symbol file data-000001ABE37E0110 doesn't match image C:\Users\porky\OneDrive\Documents\GitHub\RR\Roto_Rescue\Library\ScriptAssemblies\Unity.RenderPipelines.ShaderGraph.ShaderGraphLibrary.dll
Symbol file LoadedFromMemory is not a mono symbol file
Symbol file data-000001ABE0F5E010 doesn't match image C:\Users\porky\OneDrive\Documents\GitHub\RR\Roto_Rescue\Library\ScriptAssemblies\Unity.Timeline.Editor.dll
Symbol file LoadedFromMemory is not a mono symbol file
Symbol file data-000001ABE4ED3830 doesn't match image C:\Users\porky\OneDrive\Documents\GitHub\RR\Roto_Rescue\Library\ScriptAssemblies\Unity.CollabProxy.Editor.dll
Symbol file LoadedFromMemory is not a mono symbol file
Symbol file data-000001ABE534D420 doesn't match image C:\Users\porky\OneDrive\Documents\GitHub\RR\Roto_Rescue\Library\ScriptAssemblies\Unity.Mathematics.Editor.dll
Symbol file LoadedFromMemory is not a mono symbol file
Symbol file data-000001ABE465BE20 doesn't match image C:\Users\porky\OneDrive\Documents\GitHub\RR\Roto_Rescue\Library\ScriptAssemblies\Unity.RenderPipelines.Core.Editor.dll
Symbol file LoadedFromMemory is not a mono symbol file
Native extension for WindowsStandalone target not found
Refreshing native plugins compatible for Editor in 47.23 ms, found 2 plugins.
Preloading 0 native plugins for Editor in 0.00 ms.
Mono: successfully reloaded assembly
- Completed reload, in  0.932 seconds
Domain Reload Profiling:
	ReloadAssembly (932ms)
		BeginReloadAssembly (107ms)
>>>>>>> Pablo_branch
			ExecutionOrderSort (0ms)
			DisableScriptedObjects (3ms)
			BackupInstance (0ms)
			ReleaseScriptingObjects (0ms)
<<<<<<< HEAD
			CreateAndSetChildDomain (14ms)
		EndReloadAssembly (675ms)
			LoadAssemblies (66ms)
			RebuildTransferFunctionScriptingTraits (0ms)
			SetupTypeCache (213ms)
			ReleaseScriptCaches (0ms)
			RebuildScriptCaches (34ms)
			SetupLoadedEditorAssemblies (288ms)
				LogAssemblyErrors (0ms)
				InitializePlatformSupportModulesInManaged (2ms)
				SetLoadedEditorAssemblies (0ms)
				RefreshPlugins (42ms)
				BeforeProcessingInitializeOnLoad (61ms)
				ProcessInitializeOnLoadAttributes (168ms)
				ProcessInitializeOnLoadMethodAttributes (10ms)
=======
			CreateAndSetChildDomain (17ms)
		EndReloadAssembly (784ms)
			LoadAssemblies (69ms)
			RebuildTransferFunctionScriptingTraits (0ms)
			SetupTypeCache (226ms)
			ReleaseScriptCaches (0ms)
			RebuildScriptCaches (41ms)
			SetupLoadedEditorAssemblies (367ms)
				LogAssemblyErrors (0ms)
				InitializePlatformSupportModulesInManaged (2ms)
				SetLoadedEditorAssemblies (0ms)
				RefreshPlugins (47ms)
				BeforeProcessingInitializeOnLoad (75ms)
				ProcessInitializeOnLoadAttributes (226ms)
				ProcessInitializeOnLoadMethodAttributes (13ms)
>>>>>>> Pablo_branch
				AfterProcessingInitializeOnLoad (3ms)
				EditorAssembliesLoaded (1ms)
			ExecutionOrderSort2 (0ms)
			AwakeInstancesAfterBackupRestoration (3ms)
Platform modules already initialized, skipping
========================================================================
Worker process is ready to serve import requests
<<<<<<< HEAD
Launched and connected shader compiler UnityShaderCompiler.exe after 0.03 seconds
Refreshing native plugins compatible for Editor in 0.67 ms, found 2 plugins.
Preloading 0 native plugins for Editor in 0.00 ms.
Unloading 3226 Unused Serialized files (Serialized files now loaded: 0)
System memory in use before: 146.3 MB.
System memory in use after: 146.5 MB.

Unloading 20 unused Assets to reduce memory usage. Loaded Objects now: 3665.
Total: 2.607900 ms (FindLiveObjects: 0.166200 ms CreateObjectMapping: 0.075900 ms MarkObjects: 2.282300 ms  DeleteObjects: 0.082500 ms)
=======
Launched and connected shader compiler UnityShaderCompiler.exe after 0.05 seconds
Refreshing native plugins compatible for Editor in 0.50 ms, found 2 plugins.
Preloading 0 native plugins for Editor in 0.00 ms.
Unloading 3228 Unused Serialized files (Serialized files now loaded: 0)
System memory in use before: 146.5 MB.
System memory in use after: 146.7 MB.

Unloading 20 unused Assets to reduce memory usage. Loaded Objects now: 3667.
Total: 3.163700 ms (FindLiveObjects: 0.189300 ms CreateObjectMapping: 0.050100 ms MarkObjects: 2.851500 ms  DeleteObjects: 0.072000 ms)
>>>>>>> Pablo_branch

AssetImportParameters requested are different than current active one (requested -> active):
  custom:framework-win-MediaFoundation: 216162199b28c13a410421893ffa2e32 -> 
  custom:video-decoder-ogg-theora: a1e56fd34408186e4bbccfd4996cb3dc -> 
  custom:container-muxer-webm: aa71ff27fc2769a1b78a27578f13a17b -> 
  custom:container-demuxer-webm: 4f35f7cbe854078d1ac9338744f61a02 -> 
  custom:container-demuxer-ogg: 62fdf1f143b41e24485cea50d1cbac27 -> 
  custom:video-encoder-webm-vp8: eb34c28f22e8b96e1ab97ce403110664 -> 
  custom:video-decoder-webm-vp8: 9c59270c3fd7afecdb556c50c9e8de78 -> 
  custom:audio-decoder-ogg-vorbis: bf7c407c2cedff20999df2af8eb42d56 -> 
  custom:audio-encoder-webm-vorbis: bf7c407c2cedff20999df2af8eb42d56 -> 
========================================================================
Received Import Request.
<<<<<<< HEAD
  path: Assets/Scenes/FinalLevels/FL_1_Liam.unity
  artifactKey: Guid(952cd8d4ac1b453429f6b5c6cd4e5240) Importer(815301076,1909f56bfc062723c751e8b465ee728b)
Start importing Assets/Scenes/FinalLevels/FL_1_Liam.unity using Guid(952cd8d4ac1b453429f6b5c6cd4e5240) Importer(815301076,1909f56bfc062723c751e8b465ee728b)  -> (artifact id: '0bfdfb470b6873db683867ada0eb71a9') in 0.004836 seconds 
========================================================================
Received Import Request.
  Time since last request: 6.587710 seconds.
  path: Assets/Scenes/FinalLevels/FL_1_Liam.unity
  artifactKey: Guid(952cd8d4ac1b453429f6b5c6cd4e5240) Importer(815301076,1909f56bfc062723c751e8b465ee728b)
Start importing Assets/Scenes/FinalLevels/FL_1_Liam.unity using Guid(952cd8d4ac1b453429f6b5c6cd4e5240) Importer(815301076,1909f56bfc062723c751e8b465ee728b)  -> (artifact id: 'd8f448204d890cb6302dd02afbaeec2d') in 0.002982 seconds 
========================================================================
Received Prepare
Registering precompiled user dll's ...
Registered in 0.003076 seconds.
Begin MonoManager ReloadAssembly
Symbol file data-00000274233B89B0 doesn't match image C:\Users\porky\OneDrive\Documents\GitHub\RR\Roto_Rescue\Library\ScriptAssemblies\Unity.VSCode.Editor.dll
Symbol file LoadedFromMemory is not a mono symbol file
Symbol file data-000002742A1CA3E0 doesn't match image C:\Users\porky\OneDrive\Documents\GitHub\RR\Roto_Rescue\Library\ScriptAssemblies\Unity.RenderPipelines.Universal.Shaders.dll
Symbol file LoadedFromMemory is not a mono symbol file
Symbol file data-0000027427976010 doesn't match image C:\Users\porky\OneDrive\Documents\GitHub\RR\Roto_Rescue\Library\ScriptAssemblies\Unity.RenderPipelines.Universal.Runtime.dll
Symbol file LoadedFromMemory is not a mono symbol file
Symbol file data-00000274261E9020 doesn't match image C:\Users\porky\OneDrive\Documents\GitHub\RR\Roto_Rescue\Library\ScriptAssemblies\Unity.TextMeshPro.Editor.dll
Symbol file LoadedFromMemory is not a mono symbol file
Symbol file data-0000027423DC9010 doesn't match image C:\Users\porky\OneDrive\Documents\GitHub\RR\Roto_Rescue\Library\ScriptAssemblies\Unity.VisualStudio.Editor.dll
Symbol file LoadedFromMemory is not a mono symbol file
Symbol file data-00000275FE2C0010 doesn't match image C:\Users\porky\OneDrive\Documents\GitHub\RR\Roto_Rescue\Library\ScriptAssemblies\UnityEngine.TestRunner.dll
Symbol file LoadedFromMemory is not a mono symbol file
Symbol file data-0000027423AFEA20 doesn't match image C:\Users\porky\OneDrive\Documents\GitHub\RR\Roto_Rescue\Library\ScriptAssemblies\Unity.Timeline.dll
Symbol file LoadedFromMemory is not a mono symbol file
Symbol file data-000002742A974030 doesn't match image C:\Users\porky\OneDrive\Documents\GitHub\RR\Roto_Rescue\Library\ScriptAssemblies\Unity.TextMeshPro.dll
Symbol file LoadedFromMemory is not a mono symbol file
Symbol file data-00000274221B23E0 doesn't match image C:\Users\porky\OneDrive\Documents\GitHub\RR\Roto_Rescue\Library\ScriptAssemblies\UnityEditor.TestRunner.dll
Symbol file LoadedFromMemory is not a mono symbol file
Symbol file data-0000027423813010 doesn't match image C:\Users\porky\OneDrive\Documents\GitHub\RR\Roto_Rescue\Library\ScriptAssemblies\Unity.Searcher.Editor.dll
Symbol file LoadedFromMemory is not a mono symbol file
Symbol file data-0000027423F51020 doesn't match image C:\Users\porky\OneDrive\Documents\GitHub\RR\Roto_Rescue\Library\ScriptAssemblies\Unity.RenderPipelines.Core.Runtime.dll
Symbol file LoadedFromMemory is not a mono symbol file
Symbol file data-00000274296E1150 doesn't match image C:\Users\porky\OneDrive\Documents\GitHub\RR\Roto_Rescue\Library\ScriptAssemblies\Unity.ShaderGraph.Utilities.dll
Symbol file LoadedFromMemory is not a mono symbol file
Symbol file data-0000027423288430 doesn't match image C:\Users\porky\OneDrive\Documents\GitHub\RR\Roto_Rescue\Library\ScriptAssemblies\UnityEditor.UI.dll
Symbol file LoadedFromMemory is not a mono symbol file
Symbol file data-0000027425DBA010 doesn't match image C:\Users\porky\OneDrive\Documents\GitHub\RR\Roto_Rescue\Library\ScriptAssemblies\Unity.InputSystem.dll
Symbol file LoadedFromMemory is not a mono symbol file
Symbol file data-0000027422713630 doesn't match image C:\Users\porky\OneDrive\Documents\GitHub\RR\Roto_Rescue\Library\ScriptAssemblies\Unity.Rider.Editor.dll
Symbol file LoadedFromMemory is not a mono symbol file
Symbol file data-000002742A1CAF80 doesn't match image C:\Users\porky\OneDrive\Documents\GitHub\RR\Roto_Rescue\Library\ScriptAssemblies\Unity.RenderPipelines.Core.ShaderLibrary.dll
Symbol file LoadedFromMemory is not a mono symbol file
Symbol file data-0000027423F65A30 doesn't match image C:\Users\porky\OneDrive\Documents\GitHub\RR\Roto_Rescue\Library\ScriptAssemblies\UnityEngine.UI.dll
Symbol file LoadedFromMemory is not a mono symbol file
Symbol file data-00000274222C7800 doesn't match image C:\Users\porky\OneDrive\Documents\GitHub\RR\Roto_Rescue\Library\ScriptAssemblies\Unity.PlasticSCM.Editor.dll
Symbol file LoadedFromMemory is not a mono symbol file
Symbol file data-0000027422043040 doesn't match image C:\Users\porky\OneDrive\Documents\GitHub\RR\Roto_Rescue\Library\ScriptAssemblies\Unity.Mathematics.dll
Symbol file LoadedFromMemory is not a mono symbol file
Symbol file data-0000027425E74020 doesn't match image C:\Users\porky\OneDrive\Documents\GitHub\RR\Roto_Rescue\Library\ScriptAssemblies\Unity.ShaderGraph.Editor.dll
Symbol file LoadedFromMemory is not a mono symbol file
Symbol file data-0000027423A05020 doesn't match image C:\Users\porky\OneDrive\Documents\GitHub\RR\Roto_Rescue\Library\ScriptAssemblies\Unity.Services.Core.Editor.dll
Symbol file LoadedFromMemory is not a mono symbol file
Symbol file data-0000027423F65A30 doesn't match image C:\Users\porky\OneDrive\Documents\GitHub\RR\Roto_Rescue\Library\ScriptAssemblies\Unity.RenderPipelines.Universal.Editor.dll
Symbol file LoadedFromMemory is not a mono symbol file
Symbol file data-000002742A1CA3E0 doesn't match image C:\Users\porky\OneDrive\Documents\GitHub\RR\Roto_Rescue\Library\ScriptAssemblies\Unity.RenderPipeline.Universal.ShaderLibrary.dll
Symbol file LoadedFromMemory is not a mono symbol file
Symbol file data-000002742A1CA3E0 doesn't match image C:\Users\porky\OneDrive\Documents\GitHub\RR\Roto_Rescue\Library\ScriptAssemblies\Unity.RenderPipelines.ShaderGraph.ShaderGraphLibrary.dll
Symbol file LoadedFromMemory is not a mono symbol file
Symbol file data-00000274222C7800 doesn't match image C:\Users\porky\OneDrive\Documents\GitHub\RR\Roto_Rescue\Library\ScriptAssemblies\Unity.Timeline.Editor.dll
Symbol file LoadedFromMemory is not a mono symbol file
Symbol file data-0000027423AFEA20 doesn't match image C:\Users\porky\OneDrive\Documents\GitHub\RR\Roto_Rescue\Library\ScriptAssemblies\Unity.CollabProxy.Editor.dll
Symbol file LoadedFromMemory is not a mono symbol file
Symbol file data-0000027426898020 doesn't match image C:\Users\porky\OneDrive\Documents\GitHub\RR\Roto_Rescue\Library\ScriptAssemblies\Unity.Mathematics.Editor.dll
Symbol file LoadedFromMemory is not a mono symbol file
Symbol file data-00000274222EFE10 doesn't match image C:\Users\porky\OneDrive\Documents\GitHub\RR\Roto_Rescue\Library\ScriptAssemblies\Unity.RenderPipelines.Core.Editor.dll
Symbol file LoadedFromMemory is not a mono symbol file
Native extension for WindowsStandalone target not found
Refreshing native plugins compatible for Editor in 0.65 ms, found 2 plugins.
Preloading 0 native plugins for Editor in 0.00 ms.
Mono: successfully reloaded assembly
- Completed reload, in  1.855 seconds
Domain Reload Profiling:
	ReloadAssembly (1856ms)
		BeginReloadAssembly (266ms)
			ExecutionOrderSort (0ms)
			DisableScriptedObjects (19ms)
			BackupInstance (0ms)
			ReleaseScriptingObjects (0ms)
			CreateAndSetChildDomain (49ms)
		EndReloadAssembly (1510ms)
			LoadAssemblies (230ms)
			RebuildTransferFunctionScriptingTraits (0ms)
			SetupTypeCache (386ms)
			ReleaseScriptCaches (1ms)
			RebuildScriptCaches (168ms)
			SetupLoadedEditorAssemblies (596ms)
				LogAssemblyErrors (0ms)
				InitializePlatformSupportModulesInManaged (4ms)
				SetLoadedEditorAssemblies (1ms)
				RefreshPlugins (1ms)
				BeforeProcessingInitializeOnLoad (128ms)
				ProcessInitializeOnLoadAttributes (444ms)
				ProcessInitializeOnLoadMethodAttributes (14ms)
				AfterProcessingInitializeOnLoad (5ms)
				EditorAssembliesLoaded (0ms)
			ExecutionOrderSort2 (0ms)
			AwakeInstancesAfterBackupRestoration (6ms)
Platform modules already initialized, skipping
Refreshing native plugins compatible for Editor in 1.03 ms, found 2 plugins.
Preloading 0 native plugins for Editor in 0.00 ms.
Unloading 3104 Unused Serialized files (Serialized files now loaded: 0)
System memory in use before: 138.0 MB.
System memory in use after: 138.2 MB.

Unloading 13 unused Assets to reduce memory usage. Loaded Objects now: 3668.
Total: 10.048200 ms (FindLiveObjects: 0.441200 ms CreateObjectMapping: 0.242100 ms MarkObjects: 9.330500 ms  DeleteObjects: 0.030600 ms)
=======
  path: Assets/Prefabs/player_Claw.prefab
  artifactKey: Guid(cf74300737c2bcd43a132e725fca2811) Importer(815301076,1909f56bfc062723c751e8b465ee728b)
Start importing Assets/Prefabs/player_Claw.prefab using Guid(cf74300737c2bcd43a132e725fca2811) Importer(815301076,1909f56bfc062723c751e8b465ee728b)  -> (artifact id: 'bc00cd0eae1c3da2705c62b0cf5fe9a5') in 0.267201 seconds 
========================================================================
Received Prepare
Registering precompiled user dll's ...
Registered in 0.002570 seconds.
Begin MonoManager ReloadAssembly
Symbol file data-000001ABE38288E0 doesn't match image C:\Users\porky\OneDrive\Documents\GitHub\RR\Roto_Rescue\Library\ScriptAssemblies\Unity.VSCode.Editor.dll
Symbol file LoadedFromMemory is not a mono symbol file
Symbol file data-000001ABEBE1CFD0 doesn't match image C:\Users\porky\OneDrive\Documents\GitHub\RR\Roto_Rescue\Library\ScriptAssemblies\Unity.RenderPipelines.Universal.Shaders.dll
Symbol file LoadedFromMemory is not a mono symbol file
Symbol file data-000001ABE98AA010 doesn't match image C:\Users\porky\OneDrive\Documents\GitHub\RR\Roto_Rescue\Library\ScriptAssemblies\Unity.RenderPipelines.Universal.Runtime.dll
Symbol file LoadedFromMemory is not a mono symbol file
Symbol file data-000001ABE7C1E010 doesn't match image C:\Users\porky\OneDrive\Documents\GitHub\RR\Roto_Rescue\Library\ScriptAssemblies\Unity.TextMeshPro.Editor.dll
Symbol file LoadedFromMemory is not a mono symbol file
Symbol file data-000001ABE3DE0010 doesn't match image C:\Users\porky\OneDrive\Documents\GitHub\RR\Roto_Rescue\Library\ScriptAssemblies\Unity.VisualStudio.Editor.dll
Symbol file LoadedFromMemory is not a mono symbol file
Symbol file data-000001ABE0FBF470 doesn't match image C:\Users\porky\OneDrive\Documents\GitHub\RR\Roto_Rescue\Library\ScriptAssemblies\UnityEngine.TestRunner.dll
Symbol file LoadedFromMemory is not a mono symbol file
Symbol file data-000001ABE583B6F0 doesn't match image C:\Users\porky\OneDrive\Documents\GitHub\RR\Roto_Rescue\Library\ScriptAssemblies\Unity.Timeline.dll
Symbol file LoadedFromMemory is not a mono symbol file
Symbol file data-000001ABE4E9C010 doesn't match image C:\Users\porky\OneDrive\Documents\GitHub\RR\Roto_Rescue\Library\ScriptAssemblies\Unity.TextMeshPro.dll
Symbol file LoadedFromMemory is not a mono symbol file
Symbol file data-000001ABE80FA010 doesn't match image C:\Users\porky\OneDrive\Documents\GitHub\RR\Roto_Rescue\Library\ScriptAssemblies\UnityEditor.TestRunner.dll
Symbol file LoadedFromMemory is not a mono symbol file
Symbol file data-000001ABE3CD7040 doesn't match image C:\Users\porky\OneDrive\Documents\GitHub\RR\Roto_Rescue\Library\ScriptAssemblies\Unity.Searcher.Editor.dll
Symbol file LoadedFromMemory is not a mono symbol file
Symbol file data-000001ABE37BBE70 doesn't match image C:\Users\porky\OneDrive\Documents\GitHub\RR\Roto_Rescue\Library\ScriptAssemblies\Unity.RenderPipelines.Core.Runtime.dll
Symbol file LoadedFromMemory is not a mono symbol file
Symbol file data-000001ABEC6924A0 doesn't match image C:\Users\porky\OneDrive\Documents\GitHub\RR\Roto_Rescue\Library\ScriptAssemblies\Unity.ShaderGraph.Utilities.dll
Symbol file LoadedFromMemory is not a mono symbol file
Symbol file data-000001ABE98C4A20 doesn't match image C:\Users\porky\OneDrive\Documents\GitHub\RR\Roto_Rescue\Library\ScriptAssemblies\UnityEditor.UI.dll
Symbol file LoadedFromMemory is not a mono symbol file
Symbol file data-000001ABE783D020 doesn't match image C:\Users\porky\OneDrive\Documents\GitHub\RR\Roto_Rescue\Library\ScriptAssemblies\Unity.InputSystem.dll
Symbol file LoadedFromMemory is not a mono symbol file
Symbol file data-000001ABE98C4A20 doesn't match image C:\Users\porky\OneDrive\Documents\GitHub\RR\Roto_Rescue\Library\ScriptAssemblies\Unity.Rider.Editor.dll
Symbol file LoadedFromMemory is not a mono symbol file
Symbol file data-000001ABEBE1CA00 doesn't match image C:\Users\porky\OneDrive\Documents\GitHub\RR\Roto_Rescue\Library\ScriptAssemblies\Unity.RenderPipelines.Core.ShaderLibrary.dll
Symbol file LoadedFromMemory is not a mono symbol file
Symbol file data-000001ABE552F760 doesn't match image C:\Users\porky\OneDrive\Documents\GitHub\RR\Roto_Rescue\Library\ScriptAssemblies\UnityEngine.UI.dll
Symbol file LoadedFromMemory is not a mono symbol file
Symbol file data-000001ABE098B010 doesn't match image C:\Users\porky\OneDrive\Documents\GitHub\RR\Roto_Rescue\Library\ScriptAssemblies\Unity.PlasticSCM.Editor.dll
Symbol file LoadedFromMemory is not a mono symbol file
Symbol file data-000001ABE46D0020 doesn't match image C:\Users\porky\OneDrive\Documents\GitHub\RR\Roto_Rescue\Library\ScriptAssemblies\Unity.Mathematics.dll
Symbol file LoadedFromMemory is not a mono symbol file
Symbol file data-000001ABE50D2020 doesn't match image C:\Users\porky\OneDrive\Documents\GitHub\RR\Roto_Rescue\Library\ScriptAssemblies\Unity.ShaderGraph.Editor.dll
Symbol file LoadedFromMemory is not a mono symbol file
Symbol file data-000001ABE98C4A20 doesn't match image C:\Users\porky\OneDrive\Documents\GitHub\RR\Roto_Rescue\Library\ScriptAssemblies\Unity.Services.Core.Editor.dll
Symbol file LoadedFromMemory is not a mono symbol file
Symbol file data-000001ABE3E91030 doesn't match image C:\Users\porky\OneDrive\Documents\GitHub\RR\Roto_Rescue\Library\ScriptAssemblies\Unity.RenderPipelines.Universal.Editor.dll
Symbol file LoadedFromMemory is not a mono symbol file
Symbol file data-000001ABEBE1CFD0 doesn't match image C:\Users\porky\OneDrive\Documents\GitHub\RR\Roto_Rescue\Library\ScriptAssemblies\Unity.RenderPipeline.Universal.ShaderLibrary.dll
Symbol file LoadedFromMemory is not a mono symbol file
Symbol file data-000001ABEBE1CA00 doesn't match image C:\Users\porky\OneDrive\Documents\GitHub\RR\Roto_Rescue\Library\ScriptAssemblies\Unity.RenderPipelines.ShaderGraph.ShaderGraphLibrary.dll
Symbol file LoadedFromMemory is not a mono symbol file
Symbol file data-000001ABE39989D0 doesn't match image C:\Users\porky\OneDrive\Documents\GitHub\RR\Roto_Rescue\Library\ScriptAssemblies\Unity.Timeline.Editor.dll
Symbol file LoadedFromMemory is not a mono symbol file
Symbol file data-000001ABE0FBF470 doesn't match image C:\Users\porky\OneDrive\Documents\GitHub\RR\Roto_Rescue\Library\ScriptAssemblies\Unity.CollabProxy.Editor.dll
Symbol file LoadedFromMemory is not a mono symbol file
Symbol file data-000001AD7AA0C4C0 doesn't match image C:\Users\porky\OneDrive\Documents\GitHub\RR\Roto_Rescue\Library\ScriptAssemblies\Unity.Mathematics.Editor.dll
Symbol file LoadedFromMemory is not a mono symbol file
Symbol file data-000001ABE552F760 doesn't match image C:\Users\porky\OneDrive\Documents\GitHub\RR\Roto_Rescue\Library\ScriptAssemblies\Unity.RenderPipelines.Core.Editor.dll
Symbol file LoadedFromMemory is not a mono symbol file
Native extension for WindowsStandalone target not found
Refreshing native plugins compatible for Editor in 0.53 ms, found 2 plugins.
Preloading 0 native plugins for Editor in 0.00 ms.
Mono: successfully reloaded assembly
- Completed reload, in  0.916 seconds
Domain Reload Profiling:
	ReloadAssembly (917ms)
		BeginReloadAssembly (102ms)
			ExecutionOrderSort (0ms)
			DisableScriptedObjects (5ms)
			BackupInstance (0ms)
			ReleaseScriptingObjects (0ms)
			CreateAndSetChildDomain (33ms)
		EndReloadAssembly (770ms)
			LoadAssemblies (73ms)
			RebuildTransferFunctionScriptingTraits (0ms)
			SetupTypeCache (275ms)
			ReleaseScriptCaches (1ms)
			RebuildScriptCaches (29ms)
			SetupLoadedEditorAssemblies (294ms)
				LogAssemblyErrors (0ms)
				InitializePlatformSupportModulesInManaged (3ms)
				SetLoadedEditorAssemblies (0ms)
				RefreshPlugins (1ms)
				BeforeProcessingInitializeOnLoad (61ms)
				ProcessInitializeOnLoadAttributes (214ms)
				ProcessInitializeOnLoadMethodAttributes (13ms)
				AfterProcessingInitializeOnLoad (3ms)
				EditorAssembliesLoaded (0ms)
			ExecutionOrderSort2 (0ms)
			AwakeInstancesAfterBackupRestoration (12ms)
Platform modules already initialized, skipping
Refreshing native plugins compatible for Editor in 0.51 ms, found 2 plugins.
Preloading 0 native plugins for Editor in 0.00 ms.
Unloading 3106 Unused Serialized files (Serialized files now loaded: 0)
System memory in use before: 143.2 MB.
System memory in use after: 143.4 MB.

Unloading 13 unused Assets to reduce memory usage. Loaded Objects now: 3718.
Total: 4.607500 ms (FindLiveObjects: 0.263300 ms CreateObjectMapping: 0.103100 ms MarkObjects: 4.189200 ms  DeleteObjects: 0.050800 ms)
>>>>>>> Pablo_branch

AssetImportParameters requested are different than current active one (requested -> active):
  custom:framework-win-MediaFoundation: 216162199b28c13a410421893ffa2e32 -> 
  custom:video-decoder-ogg-theora: a1e56fd34408186e4bbccfd4996cb3dc -> 
  custom:container-muxer-webm: aa71ff27fc2769a1b78a27578f13a17b -> 
  custom:container-demuxer-webm: 4f35f7cbe854078d1ac9338744f61a02 -> 
  custom:container-demuxer-ogg: 62fdf1f143b41e24485cea50d1cbac27 -> 
  custom:video-encoder-webm-vp8: eb34c28f22e8b96e1ab97ce403110664 -> 
  custom:video-decoder-webm-vp8: 9c59270c3fd7afecdb556c50c9e8de78 -> 
  custom:audio-decoder-ogg-vorbis: bf7c407c2cedff20999df2af8eb42d56 -> 
  custom:audio-encoder-webm-vorbis: bf7c407c2cedff20999df2af8eb42d56 -> 
<<<<<<< HEAD
========================================================================
Received Import Request.
  Time since last request: 659.352436 seconds.
  path: Assets/Prefabs/goobers/Goober 3.prefab
  artifactKey: Guid(8edb125fad9ac9e4d9744ec9a6844396) Importer(815301076,1909f56bfc062723c751e8b465ee728b)
Start importing Assets/Prefabs/goobers/Goober 3.prefab using Guid(8edb125fad9ac9e4d9744ec9a6844396) Importer(815301076,1909f56bfc062723c751e8b465ee728b)  -> (artifact id: '278403629ba3efe0c9bad76248196d2a') in 0.182458 seconds 
========================================================================
Received Import Request.
  Time since last request: 0.000250 seconds.
  path: Assets/Prefabs/goobers/Goober_3.prefab
  artifactKey: Guid(60dc3915303f9fa4f959262a6b80c99f) Importer(815301076,1909f56bfc062723c751e8b465ee728b)
Start importing Assets/Prefabs/goobers/Goober_3.prefab using Guid(60dc3915303f9fa4f959262a6b80c99f) Importer(815301076,1909f56bfc062723c751e8b465ee728b)  -> (artifact id: 'eb2547341fac1148337d9aa361ac0816') in 0.021172 seconds 
=======
>>>>>>> Pablo_branch
AssetImportWorkerClient::OnTransportError - code=2 error=End of file
